<?xml version="1.0" encoding="UTF-8"?>
<!-- Generated by org.testng.reporters.JUnitReportReporter -->
<testsuite hostname="MTPMX230" failures="0" tests="2" name="com.orangehrm.TestReadExcel" time="11.675" errors="0" timestamp="17 ago. 2022 22:22:12 GMT" skipped="0">
  <testcase classname="com.orangehrm.TestReadExcel" name="testReadCellExcel" time="5.202"/>
  <testcase classname="com.orangehrm.TestReadExcel" name="testReadCompleteExcel" time="6.473"/>
</testsuite> <!-- com.orangehrm.TestReadExcel -->
