<?xml version="1.0" encoding="UTF-8"?>
<!-- Generated by org.testng.reporters.JUnitReportReporter -->
<testsuite hostname="MTPMX230" failures="0" tests="1" name="com.orangehrm.TestPro" time="12.893" errors="0" timestamp="18 ago. 2022 20:26:03 GMT" skipped="0">
  <testcase classname="com.orangehrm.TestPro" name="testLogin" time="12.893"/>
</testsuite> <!-- com.orangehrm.TestPro -->
